<?xml version="1.0" encoding="UTF-8"?>
<!-- Generated by org.testng.reporters.JUnitReportReporter -->
<testsuite hostname="DESKTOP-LNGDP5I" name="com.githubapi.scripts.GithubApiTest" tests="4" failures="0" timestamp="27 Feb 2021 09:19:09 GMT" time="38.742" errors="0">
  <testcase name="searchUserRepositories" time="9.656" classname="com.githubapi.scripts.GithubApiTest"/>
  <testcase name="searchUserRepositories" time="11.837" classname="com.githubapi.scripts.GithubApiTest"/>
  <testcase name="searchUserRepositories" time="8.750" classname="com.githubapi.scripts.GithubApiTest"/>
  <testcase name="searchUserRepositories" time="8.499" classname="com.githubapi.scripts.GithubApiTest"/>
</testsuite> <!-- com.githubapi.scripts.GithubApiTest -->
